<?xml version="1.0" encoding="UTF-8"?>
<testng-results ignored="0" total="1" passed="1" failed="0" skipped="0">
  <reporter-output>
  </reporter-output>
  <suite started-at="2021-05-02T03:30:13 IST" name="Suite" finished-at="2021-05-02T03:30:17 IST" duration-ms="4906">
    <groups>
    </groups>
    <test started-at="2021-05-02T03:30:13 IST" name="Test" finished-at="2021-05-02T03:30:17 IST" duration-ms="4906">
      <class name="Academy.Homepage">
        <test-method is-config="true" signature="initialize()[pri:0, instance:Academy.Homepage@71def8f8]" started-at="2021-05-02T03:30:13 IST" name="initialize" finished-at="2021-05-02T03:30:17 IST" duration-ms="4243" status="PASS">
          <reporter-output>
          </reporter-output>
        </test-method> <!-- initialize -->
        <test-method signature="basePageNavigation(java.lang.String,java.lang.String)[pri:0, instance:Academy.Homepage@71def8f8]" started-at="2021-05-02T03:30:17 IST" name="basePageNavigation" data-provider="getData" finished-at="2021-05-02T03:30:17 IST" duration-ms="567" status="PASS">
          <params>
            <param index="0">
              <value>
                <![CDATA[nru@gmail.com]]>
              </value>
            </param>
            <param index="1">
              <value>
                <![CDATA[123456]]>
              </value>
            </param>
          </params>
          <reporter-output>
          </reporter-output>
        </test-method> <!-- basePageNavigation -->
        <test-method is-config="true" signature="teardown()[pri:0, instance:Academy.Homepage@71def8f8]" started-at="2021-05-02T03:30:17 IST" name="teardown" finished-at="2021-05-02T03:30:17 IST" duration-ms="54" status="PASS">
          <reporter-output>
          </reporter-output>
        </test-method> <!-- teardown -->
      </class> <!-- Academy.Homepage -->
    </test> <!-- Test -->
  </suite> <!-- Suite -->
</testng-results>
